action: GLOB, msg: packaging
cwd: C:\Users\Hazhir\Documents\GitHub\LyricsGenius
cmd: 'c:\users\hazhir\desktop\python\lyricsgenius feature dev\dev_env\scripts\python.exe' setup.py sdist --formats=zip --dist-dir '.tox\dist'
running sdist
running egg_info
writing lyricsgenius.egg-info\PKG-INFO
writing dependency_links to lyricsgenius.egg-info\dependency_links.txt
writing entry points to lyricsgenius.egg-info\entry_points.txt
writing requirements to lyricsgenius.egg-info\requires.txt
writing top-level names to lyricsgenius.egg-info\top_level.txt
reading manifest file 'lyricsgenius.egg-info\SOURCES.txt'
writing manifest file 'lyricsgenius.egg-info\SOURCES.txt'
running check
creating lyricsgenius-2.0.0
creating lyricsgenius-2.0.0\lyricsgenius
creating lyricsgenius-2.0.0\lyricsgenius.egg-info
creating lyricsgenius-2.0.0\lyricsgenius\api
creating lyricsgenius-2.0.0\lyricsgenius\api\public_methods
copying files to lyricsgenius-2.0.0...
copying README.md -> lyricsgenius-2.0.0
copying setup.py -> lyricsgenius-2.0.0
copying lyricsgenius\__init__.py -> lyricsgenius-2.0.0\lyricsgenius
copying lyricsgenius\__main__.py -> lyricsgenius-2.0.0\lyricsgenius
copying lyricsgenius\artist.py -> lyricsgenius-2.0.0\lyricsgenius
copying lyricsgenius\genius.py -> lyricsgenius-2.0.0\lyricsgenius
copying lyricsgenius\song.py -> lyricsgenius-2.0.0\lyricsgenius
copying lyricsgenius\utils.py -> lyricsgenius-2.0.0\lyricsgenius
copying lyricsgenius.egg-info\PKG-INFO -> lyricsgenius-2.0.0\lyricsgenius.egg-info
copying lyricsgenius.egg-info\SOURCES.txt -> lyricsgenius-2.0.0\lyricsgenius.egg-info
copying lyricsgenius.egg-info\dependency_links.txt -> lyricsgenius-2.0.0\lyricsgenius.egg-info
copying lyricsgenius.egg-info\entry_points.txt -> lyricsgenius-2.0.0\lyricsgenius.egg-info
copying lyricsgenius.egg-info\requires.txt -> lyricsgenius-2.0.0\lyricsgenius.egg-info
copying lyricsgenius.egg-info\top_level.txt -> lyricsgenius-2.0.0\lyricsgenius.egg-info
copying lyricsgenius\api\__init__.py -> lyricsgenius-2.0.0\lyricsgenius\api
copying lyricsgenius\api\api.py -> lyricsgenius-2.0.0\lyricsgenius\api
copying lyricsgenius\api\public_methods\__init__.py -> lyricsgenius-2.0.0\lyricsgenius\api\public_methods
copying lyricsgenius\api\public_methods\album.py -> lyricsgenius-2.0.0\lyricsgenius\api\public_methods
copying lyricsgenius\api\public_methods\annotation.py -> lyricsgenius-2.0.0\lyricsgenius\api\public_methods
copying lyricsgenius\api\public_methods\article.py -> lyricsgenius-2.0.0\lyricsgenius\api\public_methods
copying lyricsgenius\api\public_methods\artist.py -> lyricsgenius-2.0.0\lyricsgenius\api\public_methods
copying lyricsgenius\api\public_methods\cover_art.py -> lyricsgenius-2.0.0\lyricsgenius\api\public_methods
copying lyricsgenius\api\public_methods\discussion.py -> lyricsgenius-2.0.0\lyricsgenius\api\public_methods
copying lyricsgenius\api\public_methods\leaderboard.py -> lyricsgenius-2.0.0\lyricsgenius\api\public_methods
copying lyricsgenius\api\public_methods\question.py -> lyricsgenius-2.0.0\lyricsgenius\api\public_methods
copying lyricsgenius\api\public_methods\referent.py -> lyricsgenius-2.0.0\lyricsgenius\api\public_methods
copying lyricsgenius\api\public_methods\search.py -> lyricsgenius-2.0.0\lyricsgenius\api\public_methods
copying lyricsgenius\api\public_methods\song.py -> lyricsgenius-2.0.0\lyricsgenius\api\public_methods
copying lyricsgenius\api\public_methods\user.py -> lyricsgenius-2.0.0\lyricsgenius\api\public_methods
copying lyricsgenius\api\public_methods\video.py -> lyricsgenius-2.0.0\lyricsgenius\api\public_methods
copying lyricsgenius\api\public_methods\voter.py -> lyricsgenius-2.0.0\lyricsgenius\api\public_methods
Writing lyricsgenius-2.0.0\setup.cfg
creating '.tox\dist\lyricsgenius-2.0.0.zip' and adding 'lyricsgenius-2.0.0' to it
adding 'lyricsgenius-2.0.0'
adding 'lyricsgenius-2.0.0\lyricsgenius'
adding 'lyricsgenius-2.0.0\lyricsgenius.egg-info'
adding 'lyricsgenius-2.0.0\PKG-INFO'
adding 'lyricsgenius-2.0.0\README.md'
adding 'lyricsgenius-2.0.0\setup.cfg'
adding 'lyricsgenius-2.0.0\setup.py'
adding 'lyricsgenius-2.0.0\lyricsgenius\api'
adding 'lyricsgenius-2.0.0\lyricsgenius\artist.py'
adding 'lyricsgenius-2.0.0\lyricsgenius\genius.py'
adding 'lyricsgenius-2.0.0\lyricsgenius\song.py'
adding 'lyricsgenius-2.0.0\lyricsgenius\utils.py'
adding 'lyricsgenius-2.0.0\lyricsgenius\__init__.py'
adding 'lyricsgenius-2.0.0\lyricsgenius\__main__.py'
adding 'lyricsgenius-2.0.0\lyricsgenius\api\public_methods'
adding 'lyricsgenius-2.0.0\lyricsgenius\api\api.py'
adding 'lyricsgenius-2.0.0\lyricsgenius\api\__init__.py'
adding 'lyricsgenius-2.0.0\lyricsgenius\api\public_methods\album.py'
adding 'lyricsgenius-2.0.0\lyricsgenius\api\public_methods\annotation.py'
adding 'lyricsgenius-2.0.0\lyricsgenius\api\public_methods\article.py'
adding 'lyricsgenius-2.0.0\lyricsgenius\api\public_methods\artist.py'
adding 'lyricsgenius-2.0.0\lyricsgenius\api\public_methods\cover_art.py'
adding 'lyricsgenius-2.0.0\lyricsgenius\api\public_methods\discussion.py'
adding 'lyricsgenius-2.0.0\lyricsgenius\api\public_methods\leaderboard.py'
adding 'lyricsgenius-2.0.0\lyricsgenius\api\public_methods\question.py'
adding 'lyricsgenius-2.0.0\lyricsgenius\api\public_methods\referent.py'
adding 'lyricsgenius-2.0.0\lyricsgenius\api\public_methods\search.py'
adding 'lyricsgenius-2.0.0\lyricsgenius\api\public_methods\song.py'
adding 'lyricsgenius-2.0.0\lyricsgenius\api\public_methods\user.py'
adding 'lyricsgenius-2.0.0\lyricsgenius\api\public_methods\video.py'
adding 'lyricsgenius-2.0.0\lyricsgenius\api\public_methods\voter.py'
adding 'lyricsgenius-2.0.0\lyricsgenius\api\public_methods\__init__.py'
adding 'lyricsgenius-2.0.0\lyricsgenius.egg-info\dependency_links.txt'
adding 'lyricsgenius-2.0.0\lyricsgenius.egg-info\entry_points.txt'
adding 'lyricsgenius-2.0.0\lyricsgenius.egg-info\PKG-INFO'
adding 'lyricsgenius-2.0.0\lyricsgenius.egg-info\requires.txt'
adding 'lyricsgenius-2.0.0\lyricsgenius.egg-info\SOURCES.txt'
adding 'lyricsgenius-2.0.0\lyricsgenius.egg-info\top_level.txt'
removing 'lyricsgenius-2.0.0' (and everything under it)
